player_pad_new/app/build/outputs/logs/manifest-merger-anzhi-debug-report.txt
-- Merging decision tree log ---
manifest
ADDED from player_pad_new\app\AndroidManifest.xml:1:1-150:12
	xmlns:android
		ADDED from player_pad_new\app\AndroidManifest.xml:1:11-69
	package
		ADDED from player_pad_new\app\AndroidManifest.xml:2:5-43
		INJECTED from player_pad_new\app\AndroidManifest.xml
		INJECTED from player_pad_new\app\AndroidManifest.xml
	android:versionName
		ADDED from player_pad_new\app\AndroidManifest.xml:4:5-57
		INJECTED from player_pad_new\app\AndroidManifest.xml
		INJECTED from player_pad_new\app\AndroidManifest.xml
	android:versionCode
		ADDED from player_pad_new\app\AndroidManifest.xml:3:5-58
		INJECTED from player_pad_new\app\AndroidManifest.xml
		INJECTED from player_pad_new\app\AndroidManifest.xml
uses-sdk
ADDED from player_pad_new\app\AndroidManifest.xml:6:5-8:41
MERGED from [com.android.support:multidex:1.0.1] AndroidManifest.xml:18:5-42
MERGED from [player_pad_new:actionbarsherlock:unspecified] AndroidManifest.xml:7:5-9:41
	android:targetSdkVersion
		ADDED from player_pad_new\app\AndroidManifest.xml:8:9-38
		INJECTED from player_pad_new\app\AndroidManifest.xml
		INJECTED from player_pad_new\app\AndroidManifest.xml
	android:minSdkVersion
		ADDED from player_pad_new\app\AndroidManifest.xml:7:9-35
		INJECTED from player_pad_new\app\AndroidManifest.xml
		INJECTED from player_pad_new\app\AndroidManifest.xml
supports-screens
ADDED from player_pad_new\app\AndroidManifest.xml:9:5-15:40
	android:resizeable
		ADDED from player_pad_new\app\AndroidManifest.xml:13:9-34
	android:largeScreens
		ADDED from player_pad_new\app\AndroidManifest.xml:11:9-36
	android:anyDensity
		ADDED from player_pad_new\app\AndroidManifest.xml:10:9-34
	android:normalScreens
		ADDED from player_pad_new\app\AndroidManifest.xml:12:9-37
	android:xlargeScreens
		ADDED from player_pad_new\app\AndroidManifest.xml:15:9-37
	android:smallScreens
		ADDED from player_pad_new\app\AndroidManifest.xml:14:9-36
application
ADDED from player_pad_new\app\AndroidManifest.xml:16:5-134:19
	android:label
		ADDED from player_pad_new\app\AndroidManifest.xml:20:9-41
	android:allowBackup
		ADDED from player_pad_new\app\AndroidManifest.xml:18:9-35
	android:icon
		ADDED from player_pad_new\app\AndroidManifest.xml:19:9-45
	android:theme
		ADDED from player_pad_new\app\AndroidManifest.xml:21:9-51
	android:name
		ADDED from player_pad_new\app\AndroidManifest.xml:17:9-74
meta-data#BaiduMobAd_APP_ID
ADDED from player_pad_new\app\AndroidManifest.xml:22:9-24:40
	android:name
		ADDED from player_pad_new\app\AndroidManifest.xml:23:13-45
	android:value
		ADDED from player_pad_new\app\AndroidManifest.xml:24:13-37
activity#cn.pipi.mobile.pipiplayer.SplashActivity
ADDED from player_pad_new\app\AndroidManifest.xml:27:9-36:20
	android:screenOrientation
		ADDED from player_pad_new\app\AndroidManifest.xml:30:13-56
	android:label
		ADDED from player_pad_new\app\AndroidManifest.xml:29:13-45
	android:name
		ADDED from player_pad_new\app\AndroidManifest.xml:28:13-68
intent-filter#android.intent.action.MAIN+android.intent.category.LAUNCHER
ADDED from player_pad_new\app\AndroidManifest.xml:31:13-35:29
action#android.intent.action.MAIN
ADDED from player_pad_new\app\AndroidManifest.xml:32:17-69
	android:name
		ADDED from player_pad_new\app\AndroidManifest.xml:32:25-66
category#android.intent.category.LAUNCHER
ADDED from player_pad_new\app\AndroidManifest.xml:34:17-77
	android:name
		ADDED from player_pad_new\app\AndroidManifest.xml:34:27-74
activity#cn.pipi.mobile.pipiplayer.MainActivity
ADDED from player_pad_new\app\AndroidManifest.xml:37:9-39:58
	android:screenOrientation
		ADDED from player_pad_new\app\AndroidManifest.xml:39:13-56
	android:name
		ADDED from player_pad_new\app\AndroidManifest.xml:38:13-66
activity#cn.pipi.mobile.pipiplayer.SearchActivity
ADDED from player_pad_new\app\AndroidManifest.xml:40:9-42:58
	android:screenOrientation
		ADDED from player_pad_new\app\AndroidManifest.xml:42:13-56
	android:name
		ADDED from player_pad_new\app\AndroidManifest.xml:41:13-68
activity#cn.pipi.mobile.pipiplayer.AdDetailActivity
ADDED from player_pad_new\app\AndroidManifest.xml:43:9-45:49
	android:screenOrientation
		ADDED from player_pad_new\app\AndroidManifest.xml:45:13-47
	android:name
		ADDED from player_pad_new\app\AndroidManifest.xml:44:13-70
activity#cn.pipi.mobile.pipiplayer.MovieDetialActivity
ADDED from player_pad_new\app\AndroidManifest.xml:48:9-63:20
	android:windowSoftInputMode
		ADDED from player_pad_new\app\AndroidManifest.xml:51:13-64
	android:name
		ADDED from player_pad_new\app\AndroidManifest.xml:49:13-73
intent-filter#android.intent.action.VIEW+android.intent.category.BROWSABLE+android.intent.category.DEFAULT
ADDED from player_pad_new\app\AndroidManifest.xml:53:13-62:29
action#android.intent.action.VIEW
ADDED from player_pad_new\app\AndroidManifest.xml:54:17-69
	android:name
		ADDED from player_pad_new\app\AndroidManifest.xml:54:25-66
category#android.intent.category.DEFAULT
ADDED from player_pad_new\app\AndroidManifest.xml:56:17-76
	android:name
		ADDED from player_pad_new\app\AndroidManifest.xml:56:27-73
category#android.intent.category.BROWSABLE
ADDED from player_pad_new\app\AndroidManifest.xml:57:17-78
	android:name
		ADDED from player_pad_new\app\AndroidManifest.xml:57:27-75
data
ADDED from player_pad_new\app\AndroidManifest.xml:59:17-61:47
	android:host
		ADDED from player_pad_new\app\AndroidManifest.xml:60:21-39
	android:scheme
		ADDED from player_pad_new\app\AndroidManifest.xml:61:21-44
activity#cn.pipi.mobile.pipiplayer.PlayerActivity
ADDED from player_pad_new\app\AndroidManifest.xml:64:9-67:58
	android:screenOrientation
		ADDED from player_pad_new\app\AndroidManifest.xml:67:13-56
	android:configChanges
		ADDED from player_pad_new\app\AndroidManifest.xml:66:13-74
	android:name
		ADDED from player_pad_new\app\AndroidManifest.xml:65:13-68
activity#cn.pipi.mobile.pipiplayer.DetialActivity
ADDED from player_pad_new\app\AndroidManifest.xml:68:9-71:58
	android:screenOrientation
		ADDED from player_pad_new\app\AndroidManifest.xml:71:13-56
	android:configChanges
		ADDED from player_pad_new\app\AndroidManifest.xml:70:13-74
	android:name
		ADDED from player_pad_new\app\AndroidManifest.xml:69:13-68
activity#cn.pipi.mobile.pipiplayer.DownloadActivity
ADDED from player_pad_new\app\AndroidManifest.xml:72:9-75:58
	android:screenOrientation
		ADDED from player_pad_new\app\AndroidManifest.xml:75:13-56
	android:configChanges
		ADDED from player_pad_new\app\AndroidManifest.xml:74:13-74
	android:name
		ADDED from player_pad_new\app\AndroidManifest.xml:73:13-70
activity#cn.pipi.mobile.pipiplayer.HtmlPlayer
ADDED from player_pad_new\app\AndroidManifest.xml:76:9-79:58
	android:screenOrientation
		ADDED from player_pad_new\app\AndroidManifest.xml:79:13-56
	android:configChanges
		ADDED from player_pad_new\app\AndroidManifest.xml:78:13-74
	android:name
		ADDED from player_pad_new\app\AndroidManifest.xml:77:13-64
activity#cn.pipi.mobile.pipiplayer.SetActivity
ADDED from player_pad_new\app\AndroidManifest.xml:80:9-84:46
	android:screenOrientation
		ADDED from player_pad_new\app\AndroidManifest.xml:83:13-56
	android:configChanges
		ADDED from player_pad_new\app\AndroidManifest.xml:82:13-74
	android:theme
		ADDED from player_pad_new\app\AndroidManifest.xml:84:13-44
	android:name
		ADDED from player_pad_new\app\AndroidManifest.xml:81:13-65
activity#cn.pipi.mobile.pipiplayer.local.vlc.gui.video.VideoPlayerActivity
ADDED from player_pad_new\app\AndroidManifest.xml:85:9-94:20
	android:screenOrientation
		ADDED from player_pad_new\app\AndroidManifest.xml:89:13-56
	android:label
		ADDED from player_pad_new\app\AndroidManifest.xml:88:13-45
	android:configChanges
		ADDED from player_pad_new\app\AndroidManifest.xml:87:13-59
	android:theme
		ADDED from player_pad_new\app\AndroidManifest.xml:90:13-56
	android:name
		ADDED from player_pad_new\app\AndroidManifest.xml:86:13-93
activity#cn.pipi.mobile.pipiplayer.local.vlc.gui.CompatErrorActivity
ADDED from player_pad_new\app\AndroidManifest.xml:96:9-96
	android:name
		ADDED from player_pad_new\app\AndroidManifest.xml:96:19-93
activity#cn.pipi.mobile.pipiplayer.local.vlc.gui.MainLocalActivity
ADDED from player_pad_new\app\AndroidManifest.xml:98:9-94
	android:name
		ADDED from player_pad_new\app\AndroidManifest.xml:98:19-91
activity#cn.pipi.mobile.pipiplayer.local.vlc.gui.BrowserActivity
ADDED from player_pad_new\app\AndroidManifest.xml:100:9-103:54
	android:label
		ADDED from player_pad_new\app\AndroidManifest.xml:102:13-47
	android:theme
		ADDED from player_pad_new\app\AndroidManifest.xml:103:13-51
	android:name
		ADDED from player_pad_new\app\AndroidManifest.xml:101:13-83
activity#cn.pipi.mobile.pipiplayer.local.vlc.gui.video.MediaInfoActivity
ADDED from player_pad_new\app\AndroidManifest.xml:104:9-100
	android:name
		ADDED from player_pad_new\app\AndroidManifest.xml:104:19-97
meta-data#UMENG_APPKEY
ADDED from player_pad_new\app\AndroidManifest.xml:107:9-109:51
	android:name
		ADDED from player_pad_new\app\AndroidManifest.xml:108:13-40
	android:value
		ADDED from player_pad_new\app\AndroidManifest.xml:109:13-49
meta-data#UMENG_CHANNEL
ADDED from player_pad_new\app\AndroidManifest.xml:111:9-113:54
	android:name
		ADDED from player_pad_new\app\AndroidManifest.xml:112:13-41
	android:value
		ADDED from player_pad_new\app\AndroidManifest.xml:113:13-51
		INJECTED from player_pad_new\app\AndroidManifest.xml
service#cn.pipi.mobile.pipiplayer.updata.UpdataService
ADDED from player_pad_new\app\AndroidManifest.xml:115:9-119:19
	android:name
		ADDED from player_pad_new\app\AndroidManifest.xml:115:18-79
intent-filter#cn.pipiplayer.appupdata
ADDED from player_pad_new\app\AndroidManifest.xml:116:13-118:29
action#cn.pipiplayer.appupdata
ADDED from player_pad_new\app\AndroidManifest.xml:117:17-66
	android:name
		ADDED from player_pad_new\app\AndroidManifest.xml:117:25-63
service#cn.pipi.mobile.pipiplayer.local.vlc.AudioService
ADDED from player_pad_new\app\AndroidManifest.xml:120:9-84
	android:name
		ADDED from player_pad_new\app\AndroidManifest.xml:120:18-81
receiver#cn.pipi.mobile.pipiplayer.local.vlc.RemoteControlClientReceiver
ADDED from player_pad_new\app\AndroidManifest.xml:122:9-126:20
	android:name
		ADDED from player_pad_new\app\AndroidManifest.xml:122:19-97
intent-filter#android.intent.action.MEDIA_BUTTON
ADDED from player_pad_new\app\AndroidManifest.xml:123:13-125:29
action#android.intent.action.MEDIA_BUTTON
ADDED from player_pad_new\app\AndroidManifest.xml:124:17-77
	android:name
		ADDED from player_pad_new\app\AndroidManifest.xml:124:25-74
receiver#cn.pipi.mobile.pipiplayer.HdmiListener
ADDED from player_pad_new\app\AndroidManifest.xml:128:9-132:20
	android:name
		ADDED from player_pad_new\app\AndroidManifest.xml:128:19-72
intent-filter#android.intent.action.HDMI_PLUGGED
ADDED from player_pad_new\app\AndroidManifest.xml:129:13-131:29
action#android.intent.action.HDMI_PLUGGED
ADDED from player_pad_new\app\AndroidManifest.xml:130:17-77
	android:name
		ADDED from player_pad_new\app\AndroidManifest.xml:130:25-74
uses-permission#android.permission.INTERNET
ADDED from player_pad_new\app\AndroidManifest.xml:136:5-67
	android:name
		ADDED from player_pad_new\app\AndroidManifest.xml:136:22-64
uses-permission#android.permission.READ_EXTERNAL_STORAGE
ADDED from player_pad_new\app\AndroidManifest.xml:137:5-80
	android:name
		ADDED from player_pad_new\app\AndroidManifest.xml:137:22-77
uses-permission#android.permission.WRITE_EXTERNAL_STORAGE
ADDED from player_pad_new\app\AndroidManifest.xml:138:5-81
	android:name
		ADDED from player_pad_new\app\AndroidManifest.xml:138:22-78
uses-permission#android.permission.MOUNT_UNMOUNT_FILESYSTEMS
ADDED from player_pad_new\app\AndroidManifest.xml:139:5-84
	android:name
		ADDED from player_pad_new\app\AndroidManifest.xml:139:22-81
uses-permission#android.permission.ACCESS_NETWORK_STATE
ADDED from player_pad_new\app\AndroidManifest.xml:140:5-79
	android:name
		ADDED from player_pad_new\app\AndroidManifest.xml:140:22-76
uses-permission#android.permission.RECEIVE_BOOT_COMPLETED
ADDED from player_pad_new\app\AndroidManifest.xml:141:5-81
	android:name
		ADDED from player_pad_new\app\AndroidManifest.xml:141:22-78
uses-permission#android.permission.READ_PHONE_STATE
ADDED from player_pad_new\app\AndroidManifest.xml:142:5-75
	android:name
		ADDED from player_pad_new\app\AndroidManifest.xml:142:22-72
uses-permission#android.permission.WRITE_SETTINGS
ADDED from player_pad_new\app\AndroidManifest.xml:143:5-73
	android:name
		ADDED from player_pad_new\app\AndroidManifest.xml:143:22-70
uses-permission#android.permission.WAKE_LOCK
ADDED from player_pad_new\app\AndroidManifest.xml:144:5-68
	android:name
		ADDED from player_pad_new\app\AndroidManifest.xml:144:22-65
uses-permission#android.permission.ACCESS_WIFI_STATE
ADDED from player_pad_new\app\AndroidManifest.xml:145:5-76
	android:name
		ADDED from player_pad_new\app\AndroidManifest.xml:145:22-73
uses-permission#android.permission.ACCESS_FINE_LOCATION
ADDED from player_pad_new\app\AndroidManifest.xml:146:5-79
	android:name
		ADDED from player_pad_new\app\AndroidManifest.xml:146:22-76
uses-permission#android.permission.MODIFY_AUDIO_SETTINGS
ADDED from player_pad_new\app\AndroidManifest.xml:147:5-80
	android:name
		ADDED from player_pad_new\app\AndroidManifest.xml:147:22-77
uses-permission#android.permission.ACCESS_COARSE_LOCATION
ADDED from player_pad_new\app\AndroidManifest.xml:148:5-81
	android:name
		ADDED from player_pad_new\app\AndroidManifest.xml:148:22-78